<?xml version="1.0" encoding="UTF-8"?>
<beans:beans xmlns="http://www.springframework.org/schema/mvc"
	xmlns:mvc="http://www.springframework.org/schema/mvc" xmlns:xsi="http://www.w3.org/2001/XMLSchema-instance"
	xmlns:beans="http://www.springframework.org/schema/beans"
	xmlns:context="http://www.springframework.org/schema/context"
	xsi:schemaLocation="
	http://www.springframework.org/schema/mvc 
	http://www.springframework.org/schema/mvc/spring-mvc.xsd
	http://www.springframework.org/schema/beans 
	http://www.springframework.org/schema/beans/spring-beans.xsd
	http://www.springframework.org/schema/context 
	http://www.springframework.org/schema/context/spring-context.xsd">

	<!-- DispatcherServlet Context: defines this servlet's request-processing 
		infrastructure -->

	<!-- Enables the Spring MVC @Controller programming model -->
	<context:component-scan base-package="com.newgen.myapp" />
	<mvc:annotation-driven />

	<!-- Handles HTTP GET requests for /resources/** by efficiently serving 
		up static resources in the ${webappRoot}/resources directory -->
	<!-- <resources mapping="/resources/**" location="/resources/" /> -->
	<!-- <beans:import resource="servlet-context.xml" /> -->

	<context:property-placeholder
		location="classpath:utility/database.properties" />

	<beans:bean id="dataSource"
		class="org.springframework.jdbc.datasource.DriverManagerDataSource">
		<beans:property name="driverClassName" value="${database.driver}"></beans:property>
		<beans:property name="url" value="${database.url}"></beans:property>
		<beans:property name="username" value="${database.user}"></beans:property>
		<beans:property name="password" value="${database.password}"></beans:property>
	</beans:bean>


	<!-- declaration of dao layer -->
	<beans:bean id="jdbcVoterDaoImpl" class="com.newgen.myapp.daoimpl.JdbcVoterDaoImpl" />
	<!-- <beans:bean id="addressDaoTest" class="com.newgen.myapp.daoimpl.AddressDaoImpl" 
		/> -->
		
	<beans:bean id="voterDao" class="com.newgen.myapp.daoimpl.JdbcVoterDaoImpl">
		<beans:property name="dataSource" ref="dataSource" />
	</beans:bean>
	<beans:bean id="addressDao" class="com.newgen.myapp.daoimpl.JdbcAddressDaoImpl">
		<beans:property name="dataSource" ref="dataSource" />
	</beans:bean>

</beans:beans>
